#
# A fatal error has been detected by the Java Runtime Environment:
#
#  Internal Error (symbol.cpp:317), pid=13712, tid=13860
#  fatal error: refcount has gone to zero
#
# JRE version: OpenJDK Runtime Environment Temurin-21.0.6+7 (21.0.6+7) (build 21.0.6+7-LTS)
# Java VM: OpenJDK 64-Bit Server VM Temurin-21.0.6+7 (21.0.6+7-LTS, mixed mode, sharing, tiered, compressed oops, compressed class ptrs, parallel gc, windows-amd64)
# No core dump will be written. Minidumps are not enabled by default on client versions of Windows
#
# If you would like to submit a bug report, please visit:
#   https://github.com/adoptium/adoptium-support/issues
#

---------------  S U M M A R Y ------------

Command Line: --add-modules=ALL-SYSTEM --add-opens=java.base/java.util=ALL-UNNAMED --add-opens=java.base/java.lang=ALL-UNNAMED --add-opens=java.base/sun.nio.fs=ALL-UNNAMED -Declipse.application=org.eclipse.jdt.ls.core.id1 -Dosgi.bundles.defaultStartLevel=4 -Declipse.product=org.eclipse.jdt.ls.core.product -Djava.import.generatesMetadataFilesAtProjectRoot=false -DDetectVMInstallationsJob.disabled=true -Dfile.encoding=utf8 -XX:+UseParallelGC -XX:GCTimeRatio=4 -XX:AdaptiveSizePolicyWeight=90 -Dsun.zip.disableMemoryMapping=true -Xmx1G -Xms100m -Xlog:disable -javaagent:c:\Users\33786\.vscode\extensions\redhat.java-1.41.0-win32-x64\lombok\lombok-1.18.36.jar -XX:+HeapDumpOnOutOfMemoryError -XX:HeapDumpPath=c:\Users\33786\AppData\Roaming\Code\User\workspaceStorage\fb0003567cbede5bcf0fd997662d4864\redhat.java -Daether.dependencyCollector.impl=bf c:\Users\33786\.vscode\extensions\redhat.java-1.41.0-win32-x64\server\plugins\org.eclipse.equinox.launcher_1.6.1100.v20250306-0509.jar -configuration c:\Users\33786\AppData\Roaming\Code\User\globalStorage\redhat.java\1.41.0\config_win -data c:\Users\33786\AppData\Roaming\Code\User\workspaceStorage\fb0003567cbede5bcf0fd997662d4864\redhat.java\jdt_ws --pipe=\\.\pipe\lsp-44c9b5564af2e1ab3aee4c50ea434dfc-sock

Host: Intel(R) Core(TM) i5-9300H CPU @ 2.40GHz, 8 cores, 7G,  Windows 11 , 64 bit Build 26100 (10.0.26100.3323)
Time: Tue Apr  1 10:45:35 2025 Paris, Madrid (heure duild 26100 (10.0.26100.3323) elapsed time: 244.967193 seconds (0d 0h 4m 4s)

---------------  T H R E A D  ---------------

Current thread (0x0000026f7633b350):  JavaThread "C1 CompilerThread0" daemon [_thread_in_vm, id=13860, stack(0x000000b870f00000,0x000000b871000000) (1024K)]


Current CompileTask:
C1:244967 18663       1       org.eclipse.jdt.internal.compiler.classfmt.ModuleInfo:: (5 bytes)

Stack: [0x000000b870f00000,0x000000b871000000]
Native frames: (J=compiled Java code, j=interpreted, Vv=VM code, C=native code)
V  [jvm.dll+0x6cdee9]
V  [jvm.dll+0x8a83d1]
V  [jvm.dll+0x8aa8fe]
V  [jvm.dll+0x27f4f1]
V  [jvm.dll+0x813101]
V  [jvm.dll+0x2043da]
V  [jvm.dll+0x1fb5d4]
V  [jvm.dll+0x1f14b2]
V  [jvm.dll+0x1fac82]
V  [jvm.dll+0x1fb406]
V  [jvm.dll+0x1e8fa4]
V  [jvm.dll+0x256757]
V  [jvm.dll+0x254dfa]
V  [jvm.dll+0x3f0256]
V  [jvm.dll+0x851f8b]
V  [jvm.dll+0x6cc5ed]
C  [ucrtbase.dll+0x37b0]
C  [KERNEL32.DLL+0x2e8d7]
C  [ntdll.dll+0xbbf6c]


---------------  P R O C E S S  ---------------

Threads class SMR info:
_java_thread_list=0x0000026f7ea372d0, length=67, elements={
0x0000026f6171d7d0, 0x0000026f762fe720, 0x0000026f76300830, 0x0000026f76303380,
0x0000026f76303fd0, 0x0000026f76306c30, 0x0000026f76309690, 0x0000026f7630a4c0,
0x0000026f7633b350, 0x0000026f6178aed0, 0x0000026f7c30f040, 0x0000026f7c950c40,
0x0000026f7ce89090, 0x0000026f7cc62f40, 0x0000026f7cc59e90, 0x0000026f7d4639e0,
0x0000026f7d2349d0, 0x0000026f7ce86470, 0x0000026f7ce85de0, 0x0000026f7f7a9c60,
0x0000026f7f7a7500, 0x0000026f7f7ab010, 0x0000026f7f7a88b0, 0x0000026f7f7a8f40,
0x0000026f7f7aa980, 0x0000026f7f7a95d0, 0x0000026f7f7aa2f0, 0x0000026f7f7a7b90,
0x0000026f7f7ab6a0, 0x0000026f7f7a8220, 0x0000026f7f7ac3c0, 0x0000026f7f7ad0e0,
0x0000026f7f7ae490, 0x0000026f7f7aeb20, 0x0000026f7e259ab0, 0x0000026f7e25a7d0,
0x0000026f7e25b4f0, 0x0000026f7e25bb80, 0x0000026f7e258700, 0x0000026f7e25c8a0,
0x0000026f7e259420, 0x0000026f7e25f000, 0x0000026f7e25e2e0, 0x0000026f7e25d5c0,
0x0000026f7e25f690, 0x0000026f7e25cf30, 0x0000026f7e4472f0, 0x0000026f7e4458b0,
0x0000026f7e443e70, 0x0000026f7e444b90, 0x0000026f7e445f40, 0x0000026f41079ca0,
0x0000026f4107b050, 0x0000026f4107a9c0, 0x0000026f4107d120, 0x0000026f4107d7b0,
0x0000026f4107b6e0, 0x0000026f4107de40, 0x0000026f4107e4d0, 0x0000026f410805a0,
0x0000026f4107eb60, 0x0000026f410812c0, 0x0000026f4107f1f0, 0x0000026f7e448010,
0x0000026f7c18d8c0, 0x0000026f7c18c450, 0x0000026f42812e90
}

Java Threads: ( => current thread )
  0x0000026f6171d7d0 JavaThread "main"                              [_thread_blocked, id=13624, stack(0x000000b870400000,0x000000b870500000) (1024K)]
  0x0000026f762fe720 JavaThread "Reference Handler"          daemon [_thread_blocked, id=13156, stack(0x000000b870800000,0x000000b870900000) (1024K)]
  0x0000026f76300830 JavaThread "Finalizer"                  daemon [_thread_blocked, id=12208, stack(0x000000b870900000,0x000000b870a00000) (1024K)]
  0x0000026f76303380 JavaThread "Signal Dispatcher"          daemon [_thread_blocked, id=12144, stack(0x000000b870a00000,0x000000b870b00000) (1024K)]
  0x0000026f76303fd0 JavaThread "Attach Listener"            daemon [_thread_blocked, id=17016, stack(0x000000b870b00000,0x000000b870c00000) (1024K)]
  0x0000026f76306c30 JavaThread "Service Thread"             daemon [_thread_blocked, id=16396, stack(0x000000b870c00000,0x000000b870d00000) (1024K)]
  0x0000026f76309690 JavaThread "Monitor Deflation Thread"   daemon [_thread_blocked, id=17304, stack(0x000000b870d00000,0x000000b870e00000) (1024K)]
  0x0000026f7630a4c0 JavaThread "C2 CompilerThread0"         daemon [_thread_blocked, id=22064, stack(0x000000b870e00000,0x000000b870f00000) (1024K)]
=>0x0000026f7633b350 JavaThread "C1 CompilerThread0"         daemon [_thread_in_vm, id=13860, stack(0x000000b870f00000,0x000000b871000000) (1024K)]
  0x0000026f6178aed0 JavaThread "Common-Cleaner"             daemon [_thread_blocked, id=4772, stack(0x000000b871000000,0x000000b871100000) (1024K)]
  0x0000026f7c30f040 JavaThread "Notification Thread"        daemon [_thread_blocked, id=10016, stack(0x000000b871100000,0x000000b871200000) (1024K)]
  0x0000026f7c950c40 JavaThread "Active Thread: Equinox Container: 150c1d48-1766-4b95-9558-04b9ac374291"        [_thread_blocked, id=22344, stack(0x000000b871a00000,0x000000b871b00000) (1024K)]
  0x0000026f7ce89090 JavaThread "Refresh Thread: Equinox Container: 150c1d48-1766-4b95-9558-04b9ac374291" daemon [_thread_blocked, id=7228, stack(0x000000b871b00000,0x000000b871c00000) (1024K)]
  0x0000026f7cc62f40 JavaThread "Framework Event Dispatcher: Equinox Container: 150c1d48-1766-4b95-9558-04b9ac374291" daemon [_thread_blocked, id=11848, stack(0x000000b871d00000,0x000000b871e00000) (1024K)]
  0x0000026f7cc59e90 JavaThread "Start Level: Equinox Container: 150c1d48-1766-4b95-9558-04b9ac374291" daemon [_thread_blocked, id=19948, stack(0x000000b871e00000,0x000000b871f00000) (1024K)]
  0x0000026f7d4639e0 JavaThread "Bundle File Closer"         daemon [_thread_blocked, id=3012, stack(0x000000b871f00000,0x000000b872000000) (1024K)]
  0x0000026f7d2349d0 JavaThread "SCR Component Actor"        daemon [_thread_blocked, id=17524, stack(0x000000b871300000,0x000000b871400000) (1024K)]
  0x0000026f7ce86470 JavaThread "Worker-JM"                         [_thread_blocked, id=15088, stack(0x000000b872100000,0x000000b872200000) (1024K)]
  0x0000026f7ce85de0 JavaThread "JNA Cleaner"                daemon [_thread_blocked, id=2304, stack(0x000000b871200000,0x000000b871300000) (1024K)]
  0x0000026f7f7a9c60 JavaThread "Java indexing"              daemon [_thread_blocked, id=12984, stack(0x000000b872800000,0x000000b872900000) (1024K)]
  0x0000026f7f7a7500 JavaThread "Worker-4: Updating workspace"        [_thread_blocked, id=4524, stack(0x000000b872b00000,0x000000b872c00000) (1024K)]
  0x0000026f7f7ab010 JavaThread "Worker-5: Update Installed JREs"        [_thread_blocked, id=21484, stack(0x000000b872c00000,0x000000b872d00000) (1024K)]
  0x0000026f7f7a88b0 JavaThread "Thread-2"                   daemon [_thread_in_native, id=20164, stack(0x000000b872d00000,0x000000b872e00000) (1024K)]
  0x0000026f7f7a8f40 JavaThread "Thread-3"                   daemon [_thread_in_native, id=10748, stack(0x000000b872e00000,0x000000b872f00000) (1024K)]
  0x0000026f7f7aa980 JavaThread "Thread-4"                   daemon [_thread_in_native, id=14324, stack(0x000000b872f00000,0x000000b873000000) (1024K)]
  0x0000026f7f7a95d0 JavaThread "Thread-5"                   daemon [_thread_in_native, id=15288, stack(0x000000b873000000,0x000000b873100000) (1024K)]
  0x0000026f7f7aa2f0 JavaThread "Thread-6"                   daemon [_thread_in_native, id=21472, stack(0x000000b873100000,0x000000b873200000) (1024K)]
  0x0000026f7f7a7b90 JavaThread "Thread-7"                   daemon [_thread_in_native, id=9880, stack(0x000000b873200000,0x000000b873300000) (1024K)]
  0x0000026f7f7ab6a0 JavaThread "Thread-8"                   daemon [_thread_in_native, id=12188, stack(0x000000b873300000,0x000000b873400000) (1024K)]
  0x0000026f7f7a8220 JavaThread "Thread-9"                   daemon [_thread_in_native, id=2864, stack(0x000000b873400000,0x000000b873500000) (1024K)]
  0x0000026f7f7ac3c0 JavaThread "Thread-10"                  daemon [_thread_in_native, id=21084, stack(0x000000b873500000,0x000000b873600000) (1024K)]
  0x0000026f7f7ad0e0 JavaThread "pool-2-thread-1"                   [_thread_blocked, id=14544, stack(0x000000b873600000,0x000000b873700000) (1024K)]
  0x0000026f7f7ae490 JavaThread "WorkspaceEventsHandler"            [_thread_blocked, id=5488, stack(0x000000b873700000,0x000000b873800000) (1024K)]
  0x0000026f7f7aeb20 JavaThread "pool-1-thread-1"                   [_thread_blocked, id=11392, stack(0x000000b873800000,0x000000b873900000) (1024K)]
  0x0000026f7e259ab0 JavaThread "LocalFile Deleter"          daemon [_thread_blocked, id=13088, stack(0x000000b873900000,0x000000b873a00000) (1024K)]
  0x0000026f7e25a7d0 JavaThread "LocalFile Deleter"          daemon [_thread_blocked, id=7592, stack(0x000000b873a00000,0x000000b873b00000) (1024K)]
  0x0000026f7e25b4f0 JavaThread "LocalFile Deleter"          daemon [_thread_blocked, id=18748, stack(0x000000b873c00000,0x000000b873d00000) (1024K)]
  0x0000026f7e25bb80 JavaThread "LocalFile Deleter"          daemon [_thread_blocked, id=19240, stack(0x000000b873d00000,0x000000b873e00000) (1024K)]
  0x0000026f7e258700 JavaThread "LocalFile Deleter"          daemon [_thread_blocked, id=20148, stack(0x000000b873e00000,0x000000b873f00000) (1024K)]
  0x0000026f7e25c8a0 JavaThread "Compiler Source File Reader" daemon [_thread_blocked, id=18588, stack(0x000000b872500000,0x000000b872600000) (1024K)]
  0x0000026f7e259420 JavaThread "Compiler Source File Reader" daemon [_thread_blocked, id=2492, stack(0x000000b874000000,0x000000b874100000) (1024K)]
  0x0000026f7e25f000 JavaThread "Compiler Source File Reader" daemon [_thread_blocked, id=1516, stack(0x000000b874100000,0x000000b874200000) (1024K)]
  0x0000026f7e25e2e0 JavaThread "Compiler Class File Writer" daemon [_thread_blocked, id=2384, stack(0x000000b874400000,0x000000b874500000) (1024K)]
  0x0000026f7e25d5c0 JavaThread "Compiler Class File Writer" daemon [_thread_blocked, id=13300, stack(0x000000b874500000,0x000000b874600000) (1024K)]
  0x0000026f7e25f690 JavaThread "Compiler Class File Writer" daemon [_thread_blocked, id=16192, stack(0x000000b874600000,0x000000b874700000) (1024K)]
  0x0000026f7e25cf30 JavaThread "Compiler Source File Reader" daemon [_thread_blocked, id=19348, stack(0x000000b874700000,0x000000b874800000) (1024K)]
  0x0000026f7e4472f0 JavaThread "Compiler Source File Reader" daemon [_thread_blocked, id=21492, stack(0x000000b874800000,0x000000b874900000) (1024K)]
  0x0000026f7e4458b0 JavaThread "Compiler Source File Reader" daemon [_thread_blocked, id=19964, stack(0x000000b874900000,0x000000b874a00000) (1024K)]
  0x0000026f7e443e70 JavaThread "Compiler Class File Writer" daemon [_thread_blocked, id=9688, stack(0x000000b874a00000,0x000000b874b00000) (1024K)]
  0x0000026f7e444b90 JavaThread "Compiler Class File Writer" daemon [_thread_blocked, id=3188, stack(0x000000b874b00000,0x000000b874c00000) (1024K)]
  0x0000026f7e445f40 JavaThread "Compiler Class File Writer" daemon [_thread_blocked, id=4052, stack(0x000000b874c00000,0x000000b874d00000) (1024K)]
  0x0000026f41079ca0 JavaThread "Worker-6"                          [_thread_blocked, id=13632, stack(0x000000b872000000,0x000000b872100000) (1024K)]
  0x0000026f4107b050 JavaThread "ForkJoinPool.commonPool-worker-1" daemon [_thread_blocked, id=20348, stack(0x000000b870200000,0x000000b870300000) (1024K)]
  0x0000026f4107a9c0 JavaThread "ForkJoinPool.commonPool-worker-2" daemon [_thread_blocked, id=9944, stack(0x000000b870300000,0x000000b870400000) (1024K)]
  0x0000026f4107d120 JavaThread "ForkJoinPool.commonPool-worker-3" daemon [_thread_blocked, id=10348, stack(0x000000b872200000,0x000000b872300000) (1024K)]
  0x0000026f4107d7b0 JavaThread "ForkJoinPool.commonPool-worker-4" daemon [_thread_blocked, id=22452, stack(0x000000b872300000,0x000000b872400000) (1024K)]
  0x0000026f4107b6e0 JavaThread "ForkJoinPool.commonPool-worker-5" daemon [_thread_blocked, id=6572, stack(0x000000b872400000,0x000000b872500000) (1024K)]
  0x0000026f4107de40 JavaThread "ForkJoinPool.commonPool-worker-6" daemon [_thread_blocked, id=16232, stack(0x000000b872600000,0x000000b872700000) (1024K)]
  0x0000026f4107e4d0 JavaThread "ForkJoinPool.commonPool-worker-7" daemon [_thread_blocked, id=19700, stack(0x000000b872700000,0x000000b872800000) (1024K)]
  0x0000026f410805a0 JavaThread "Worker-7: Update Installed JREs"        [_thread_blocked, id=19768, stack(0x000000b870100000,0x000000b870200000) (1024K)]
  0x0000026f4107eb60 JavaThread "Worker-8"                          [_thread_blocked, id=11640, stack(0x000000b872900000,0x000000b872a00000) (1024K)]
  0x0000026f410812c0 JavaThread "Worker-9: Initialize workspace"        [_thread_blocked, id=17104, stack(0x000000b873b00000,0x000000b873c00000) (1024K)]
  0x0000026f4107f1f0 JavaThread "Worker-10"                         [_thread_blocked, id=15960, stack(0x000000b873f00000,0x000000b874000000) (1024K)]
  0x0000026f7e448010 JavaThread "Compiler Processing Task"   daemon [_thread_blocked, id=15724, stack(0x000000b874e00000,0x000000b874f00000) (1024K)]
  0x0000026f7c18d8c0 JavaThread "C2 CompilerThread1"         daemon [_thread_blocked, id=6828, stack(0x000000b874300000,0x000000b874400000) (1024K)]
  0x0000026f7c18c450 JavaThread "C2 CompilerThread2"         daemon [_thread_blocked, id=15552, stack(0x000000b874f00000,0x000000b875000000) (1024K)]
  0x0000026f42812e90 JavaThread "Cleaner-0"                  daemon [_thread_blocked, id=2816, stack(0x000000b875100000,0x000000b875200000) (1024K)]
Total: 67

Other Threads:
  0x0000026f762e25f0 VMThread "VM Thread"                           [id=15052, stack(0x000000b870700000,0x000000b870800000) (1024K)] _threads_hazard_ptr=0x0000026f7ea372d0
  0x0000026f7621ca00 WatcherThread "VM Periodic Task Thread"        [id=22140, stack(0x000000b870600000,0x000000b870700000) (1024K)]
  0x0000026f6173d190 WorkerThread "GC Thread#0"                     [id=14160, stack(0x000000b870500000,0x000000b870600000) (1024K)]
  0x0000026f7c7f7e10 WorkerThread "GC Thread#1"                     [id=11164, stack(0x000000b871400000,0x000000b871500000) (1024K)]
  0x0000026f7c541fe0 WorkerThread "GC Thread#2"                     [id=5964, stack(0x000000b871500000,0x000000b871600000) (1024K)]
  0x0000026f7c545a80 WorkerThread "GC Thread#3"                     [id=1224, stack(0x000000b871600000,0x000000b871700000) (1024K)]
  0x0000026f7c545e20 WorkerThread "GC Thread#4"                     [id=10660, stack(0x000000b871700000,0x000000b871800000) (1024K)]
  0x0000026f7c5461c0 WorkerThread "GC Thread#5"                     [id=11828, stack(0x000000b871800000,0x000000b871900000) (1024K)]
  0x0000026f7c4fe170 WorkerThread "GC Thread#6"                     [id=16244, stack(0x000000b871900000,0x000000b871a00000) (1024K)]
  0x0000026f7cc5b7e0 WorkerThread "GC Thread#7"                     [id=14392, stack(0x000000b871c00000,0x000000b871d00000) (1024K)]
Total: 10

Threads with active compile tasks:
C2 CompilerThread0  245033 18538 %     4       org.eclipse.jdt.internal.compiler.classfmt.ModuleInfo::readModuleAttribute @ 491 (1166 bytes)
C1 CompilerThread0  245033 18663       1       org.eclipse.jdt.internal.compiler.classfmt.ModuleInfo:: (5 bytes)
C2 CompilerThread1  245033 18442       4       jdk.internal.jimage.ImageReader$Directory::addChild (63 bytes)
C2 CompilerThread2  245034 18629   !   4       org.eclipse.jdt.internal.compiler.classfmt.ClassFileReader::<init> (2135 bytes)
Total: 4

VM state: synchronizing (normal execution)

VM Mutex/Monitor currently owned by a thread:  ([mutex/lock_event])
[0x00007ff85b21e380] Threads_lock - owner thread: 0x0000026f762e25f0
[0x00007ff85b21e480] Heap_lock - owner thread: 0x0000026f4107a9c0

Heap address: 0x00000000c0000000, size: 1024 MB, Compressed Oops mode: 32-bit

CDS archive(s) mapped at: [0x0000026f00000000-0x0000026f00ba0000-0x0000026f00ba0000), size 12189696, SharedBaseAddress: 0x0000026f00000000, ArchiveRelocationMode: 1.
Compressed class space mapped at: 0x0000026f01000000-0x0000026f41000000, reserved size: 1073741824
Narrow klass base: 0x0000026f00000000, Narrow klass shift: 0, Narrow klass range: 0x100000000

GC Precious Log:
 CardTable entry size: 512
 CPUs: 8 total, 8 available
 Memory: 8044M
 Large Page Support: Disabled
 NUMA Support: Disabled
 Compressed Oops: Enabled (32-bit)
 Alignments: Space 512K, Generation 512K, Heap 2M
 Heap Min Capacity: 100M
 Heap Initial Capacity: 100M
 Heap Max Capacity: 1G
 Pre-touch: Disabled
 Parallel Workers: 8

Heap:
 PSYoungGen      total 10752K, used 10586K [0x00000000eab00000, 0x00000000eb780000, 0x0000000100000000)
  eden space 9216K, 100% used [0x00000000eab00000,0x00000000eb400000,0x00000000eb400000)
  from space 1536K, 89% used [0x00000000eb600000,0x00000000eb756a20,0x00000000eb780000)
  to   space 1536K, 0% used [0x00000000eb480000,0x00000000eb480000,0x00000000eb600000)
 ParOldGen       total 449536K, used 449317K [0x00000000c0000000, 0x00000000db700000, 0x00000000eab00000)
  object space 449536K, 99% used [0x00000000c0000000,0x00000000db6c9790,0x00000000db700000)
 Metaspace       used 81156K, committed 82944K, reserved 1179648K
  class space    used 8211K, committed 8960K, reserved 1048576K

Card table byte_map: [0x0000026f73bd0000,0x0000026f73de0000] _byte_map_base: 0x0000026f735d0000

Marking Bits: (ParMarkBitMap*) 0x00007ff85b223260
 Begin Bits: [0x0000026f73f40000, 0x0000026f74f40000)
 End Bits:   [0x0000026f74f40000, 0x0000026f75f40000)

Polling page: 0x0000026f5ff20000

Metaspace:

Usage:
  Non-class:     71.24 MB used.
      Class:      8.02 MB used.
       Both:     79.25 MB used.

Virtual space:
  Non-class space:      128.00 MB reserved,      72.25 MB ( 56%) committed,  2 nodes.
      Class space:        1.00 GB reserved,       8.75 MB ( <1%) committed,  1 nodes.
             Both:        1.12 GB reserved,      81.00 MB (  7%) committed. 

Chunk freelists:
   Non-Class:  7.45 MB
       Class:  7.13 MB
        Both:  14.58 MB

MaxMetaspaceSize: unlimited
CompressedClassSpaceSize: 1.00 GB
Initial GC threshold: 21.00 MB
Current GC threshold: 133.44 MB
CDS: on
 - commit_granule_bytes: 65536.
 - commit_granule_words: 8192.
 - virtual_space_node_default_size: 8388608.
 - enlarge_chunks_in_place: 1.
 - use_allocation_guard: 0.


Internal statistics:

num_allocs_failed_limit: 13.
num_arena_births: 1516.
num_arena_deaths: 18.
num_vsnodes_births: 3.
num_vsnodes_deaths: 0.
num_space_committed: 1296.
num_space_uncommitted: 0.
num_chunks_returned_to_freelist: 39.
num_chunks_taken_from_freelist: 5178.
num_chunk_merges: 17.
num_chunk_splits: 3216.
num_chunks_enlarged: 1910.
num_inconsistent_stats: 0.

CodeHeap 'non-profiled nmethods': size=120000Kb used=14328Kb max_used=17064Kb free=105671Kb
 bounds [0x0000026f6c4c0000, 0x0000026f6d570000, 0x0000026f739f0000]
CodeHeap 'profiled nmethods': size=120000Kb used=27624Kb max_used=36905Kb free=92375Kb
 bounds [0x0000026f649f0000, 0x0000026f66e00000, 0x0000026f6bf20000]
CodeHeap 'non-nmethods': size=5760Kb used=1511Kb max_used=1619Kb free=4248Kb
 bounds [0x0000026f6bf20000, 0x0000026f6c190000, 0x0000026f6c4c0000]
 total_blobs=14294 nmethods=13463 adapters=735
 compilation: enabled
              stopped_count=0, restarted_count=0
 full_count=0

Compilation events (20 events):
Event: 244.934 Thread 0x0000026f7633b350 nmethod 18652 0x0000026f65823310 code [0x0000026f658234e0, 0x0000026f65823860]
Event: 244.934 Thread 0x0000026f7633b350 18653       2       org.eclipse.jdt.core.dom.SimpleName::accept0 (12 bytes)
Event: 244.934 Thread 0x0000026f7633b350 nmethod 18653 0x0000026f65327910 code [0x0000026f65327ac0, 0x0000026f65327c40]
Event: 244.934 Thread 0x0000026f7633b350 18654       2       org.eclipse.jdt.internal.core.JavaProject::getPackageFragmentRoot0 (110 bytes)
Event: 244.936 Thread 0x0000026f7633b350 nmethod 18654 0x0000026f65411690 code [0x0000026f65411960, 0x0000026f654122a8]
Event: 244.937 Thread 0x0000026f7633b350 18655       2       org.eclipse.jdt.internal.compiler.util.HashtableOfObjectToInt::put (104 bytes)
Event: 244.938 Thread 0x0000026f7633b350 nmethod 18655 0x0000026f65dfec90 code [0x0000026f65dfee80, 0x0000026f65dff260]
Event: 244.938 Thread 0x0000026f7633b350 18656       2       org.eclipse.jdt.internal.compiler.util.HashtableOfObjectToInt::get (59 bytes)
Event: 244.939 Thread 0x0000026f7633b350 nmethod 18656 0x0000026f65dc5a90 code [0x0000026f65dc5c60, 0x0000026f65dc5f38]
Event: 244.939 Thread 0x0000026f7633b350 18658       2       org.eclipse.jdt.internal.core.DeltaProcessor$RootInfo::getPackageFragmentRoot (76 bytes)
Event: 244.940 Thread 0x0000026f7633b350 nmethod 18658 0x0000026f65ff7990 code [0x0000026f65ff7ba0, 0x0000026f65ff7f68]
Event: 244.943 Thread 0x0000026f7c18c450 nmethod 18571 0x0000026f6cee0c90 code [0x0000026f6cee1060, 0x0000026f6cee36a8]
Event: 244.943 Thread 0x0000026f7c18c450 18629   !   4       org.eclipse.jdt.internal.compiler.classfmt.ClassFileReader::<init> (2135 bytes)
Event: 244.945 Thread 0x0000026f7633b350 18660  s    2       org.eclipse.jdt.internal.core.JavaModelManager::getExistingElement (9 bytes)
Event: 244.945 Thread 0x0000026f7633b350 nmethod 18660 0x0000026f65f0df90 code [0x0000026f65f0e140, 0x0000026f65f0e338]
Event: 244.945 Thread 0x0000026f7633b350 18661       2       org.eclipse.jdt.internal.core.JavaModelCache::getExistingElement (101 bytes)
Event: 244.946 Thread 0x0000026f7633b350 nmethod 18661 0x0000026f66c11d10 code [0x0000026f66c11f60, 0x0000026f66c12608]
Event: 244.950 Thread 0x0000026f7633b350 18662       1       org.eclipse.jdt.internal.compiler.env.IModule::isAutomatic (2 bytes)
Event: 244.950 Thread 0x0000026f7633b350 nmethod 18662 0x0000026f6cf37a90 code [0x0000026f6cf37c20, 0x0000026f6cf37ce8]
Event: 244.950 Thread 0x0000026f7633b350 18663       1       org.eclipse.jdt.internal.compiler.classfmt.ModuleInfo:: (5 bytes)

GC Heap History (20 events):
Event: 244.526 GC heap before
{Heap before GC invocations=3023 (full 7):
 PSYoungGen      total 11776K, used 11776K [0x00000000eab00000, 0x00000000eba80000, 0x0000000100000000)
  eden space 9216K, 100% used [0x00000000eab00000,0x00000000eb400000,0x00000000eb400000)
  from space 2560K, 100% used [0x00000000eb800000,0x00000000eba80000,0x00000000eba80000)
  to   space 3072K, 0% used [0x00000000eb480000,0x00000000eb480000,0x00000000eb780000)
 ParOldGen       total 434688K, used 434472K [0x00000000c0000000, 0x00000000da880000, 0x00000000eab00000)
  object space 434688K, 99% used [0x00000000c0000000,0x00000000da84a030,0x00000000da880000)
 Metaspace       used 80417K, committed 82176K, reserved 1179648K
  class space    used 8144K, committed 8896K, reserved 1048576K
}
Event: 244.532 GC heap after
{Heap after GC invocations=3023 (full 7):
 PSYoungGen      total 12800K, used 2496K [0x00000000eab00000, 0x00000000ebb00000, 0x0000000100000000)
  eden space 9728K, 0% used [0x00000000eab00000,0x00000000eab00000,0x00000000eb480000)
  from space 3072K, 81% used [0x00000000eb480000,0x00000000eb6f0000,0x00000000eb780000)
  to   space 2560K, 0% used [0x00000000eb880000,0x00000000eb880000,0x00000000ebb00000)
 ParOldGen       total 437248K, used 436968K [0x00000000c0000000, 0x00000000dab00000, 0x00000000eab00000)
  object space 437248K, 99% used [0x00000000c0000000,0x00000000daaba098,0x00000000dab00000)
 Metaspace       used 80417K, committed 82176K, reserved 1179648K
  class space    used 8144K, committed 8896K, reserved 1048576K
}
Event: 244.551 GC heap before
{Heap before GC invocations=3024 (full 7):
 PSYoungGen      total 12800K, used 12224K [0x00000000eab00000, 0x00000000ebb00000, 0x0000000100000000)
  eden space 9728K, 100% used [0x00000000eab00000,0x00000000eb480000,0x00000000eb480000)
  from space 3072K, 81% used [0x00000000eb480000,0x00000000eb6f0000,0x00000000eb780000)
  to   space 2560K, 0% used [0x00000000eb880000,0x00000000eb880000,0x00000000ebb00000)
 ParOldGen       total 437248K, used 436968K [0x00000000c0000000, 0x00000000dab00000, 0x00000000eab00000)
  object space 437248K, 99% used [0x00000000c0000000,0x00000000daaba098,0x00000000dab00000)
 Metaspace       used 80417K, committed 82176K, reserved 1179648K
  class space    used 8144K, committed 8896K, reserved 1048576K
}
Event: 244.561 GC heap after
{Heap after GC invocations=3024 (full 7):
 PSYoungGen      total 10240K, used 2560K [0x00000000eab00000, 0x00000000ec280000, 0x0000000100000000)
  eden space 7680K, 0% used [0x00000000eab00000,0x00000000eab00000,0x00000000eb280000)
  from space 2560K, 100% used [0x00000000eb880000,0x00000000ebb00000,0x00000000ebb00000)
  to   space 6144K, 0% used [0x00000000eb280000,0x00000000eb280000,0x00000000eb880000)
 ParOldGen       total 440320K, used 439944K [0x00000000c0000000, 0x00000000dae00000, 0x00000000eab00000)
  object space 440320K, 99% used [0x00000000c0000000,0x00000000dada2098,0x00000000dae00000)
 Metaspace       used 80417K, committed 82176K, reserved 1179648K
  class space    used 8144K, committed 8896K, reserved 1048576K
}
Event: 244.584 GC heap before
{Heap before GC invocations=3025 (full 7):
 PSYoungGen      total 10240K, used 10239K [0x00000000eab00000, 0x00000000ec280000, 0x0000000100000000)
  eden space 7680K, 99% used [0x00000000eab00000,0x00000000eb27fff0,0x00000000eb280000)
  from space 2560K, 100% used [0x00000000eb880000,0x00000000ebb00000,0x00000000ebb00000)
  to   space 6144K, 0% used [0x00000000eb280000,0x00000000eb280000,0x00000000eb880000)
 ParOldGen       total 440320K, used 439944K [0x00000000c0000000, 0x00000000dae00000, 0x00000000eab00000)
  object space 440320K, 99% used [0x00000000c0000000,0x00000000dada2098,0x00000000dae00000)
 Metaspace       used 80417K, committed 82176K, reserved 1179648K
  class space    used 8144K, committed 8896K, reserved 1048576K
}
Event: 244.590 GC heap after
{Heap after GC invocations=3025 (full 7):
 PSYoungGen      total 9728K, used 1856K [0x00000000eab00000, 0x00000000ebb00000, 0x0000000100000000)
  eden space 7680K, 0% used [0x00000000eab00000,0x00000000eab00000,0x00000000eb280000)
  from space 2048K, 90% used [0x00000000eb280000,0x00000000eb450000,0x00000000eb480000)
  to   space 3584K, 0% used [0x00000000eb780000,0x00000000eb780000,0x00000000ebb00000)
 ParOldGen       total 442880K, used 442424K [0x00000000c0000000, 0x00000000db080000, 0x00000000eab00000)
  object space 442880K, 99% used [0x00000000c0000000,0x00000000db00e098,0x00000000db080000)
 Metaspace       used 80417K, committed 82176K, reserved 1179648K
  class space    used 8144K, committed 8896K, reserved 1048576K
}
Event: 244.623 GC heap before
{Heap before GC invocations=3026 (full 7):
 PSYoungGen      total 9728K, used 9536K [0x00000000eab00000, 0x00000000ebb00000, 0x0000000100000000)
  eden space 7680K, 100% used [0x00000000eab00000,0x00000000eb280000,0x00000000eb280000)
  from space 2048K, 90% used [0x00000000eb280000,0x00000000eb450000,0x00000000eb480000)
  to   space 3584K, 0% used [0x00000000eb780000,0x00000000eb780000,0x00000000ebb00000)
 ParOldGen       total 442880K, used 442424K [0x00000000c0000000, 0x00000000db080000, 0x00000000eab00000)
  object space 442880K, 99% used [0x00000000c0000000,0x00000000db00e098,0x00000000db080000)
 Metaspace       used 80417K, committed 82176K, reserved 1179648K
  class space    used 8144K, committed 8896K, reserved 1048576K
}
Event: 244.628 GC heap after
{Heap after GC invocations=3026 (full 7):
 PSYoungGen      total 10240K, used 864K [0x00000000eab00000, 0x00000000eb880000, 0x0000000100000000)
  eden space 9216K, 0% used [0x00000000eab00000,0x00000000eab00000,0x00000000eb400000)
  from space 1024K, 84% used [0x00000000eb780000,0x00000000eb858010,0x00000000eb880000)
  to   space 1536K, 0% used [0x00000000eb580000,0x00000000eb580000,0x00000000eb700000)
 ParOldGen       total 444416K, used 444144K [0x00000000c0000000, 0x00000000db200000, 0x00000000eab00000)
  object space 444416K, 99% used [0x00000000c0000000,0x00000000db1bc098,0x00000000db200000)
 Metaspace       used 80417K, committed 82176K, reserved 1179648K
  class space    used 8144K, committed 8896K, reserved 1048576K
}
Event: 244.666 GC heap before
{Heap before GC invocations=3027 (full 7):
 PSYoungGen      total 10240K, used 10080K [0x00000000eab00000, 0x00000000eb880000, 0x0000000100000000)
  eden space 9216K, 100% used [0x00000000eab00000,0x00000000eb400000,0x00000000eb400000)
  from space 1024K, 84% used [0x00000000eb780000,0x00000000eb858010,0x00000000eb880000)
  to   space 1536K, 0% used [0x00000000eb580000,0x00000000eb580000,0x00000000eb700000)
 ParOldGen       total 444416K, used 444144K [0x00000000c0000000, 0x00000000db200000, 0x00000000eab00000)
  object space 444416K, 99% used [0x00000000c0000000,0x00000000db1bc098,0x00000000db200000)
 Metaspace       used 80421K, committed 82176K, reserved 1179648K
  class space    used 8144K, committed 8896K, reserved 1048576K
}
Event: 244.670 GC heap after
{Heap after GC invocations=3027 (full 7):
 PSYoungGen      total 10752K, used 800K [0x00000000eab00000, 0x00000000eb800000, 0x0000000100000000)
  eden space 9216K, 0% used [0x00000000eab00000,0x00000000eab00000,0x00000000eb400000)
  from space 1536K, 52% used [0x00000000eb580000,0x00000000eb648000,0x00000000eb700000)
  to   space 1024K, 0% used [0x00000000eb700000,0x00000000eb700000,0x00000000eb800000)
 ParOldGen       total 444928K, used 444880K [0x00000000c0000000, 0x00000000db280000, 0x00000000eab00000)
  object space 444928K, 99% used [0x00000000c0000000,0x00000000db2740a8,0x00000000db280000)
 Metaspace       used 80421K, committed 82176K, reserved 1179648K
  class space    used 8144K, committed 8896K, reserved 1048576K
}
Event: 244.700 GC heap before
{Heap before GC invocations=3028 (full 7):
 PSYoungGen      total 10752K, used 10016K [0x00000000eab00000, 0x00000000eb800000, 0x0000000100000000)
  eden space 9216K, 100% used [0x00000000eab00000,0x00000000eb400000,0x00000000eb400000)
  from space 1536K, 52% used [0x00000000eb580000,0x00000000eb648000,0x00000000eb700000)
  to   space 1024K, 0% used [0x00000000eb700000,0x00000000eb700000,0x00000000eb800000)
 ParOldGen       total 444928K, used 444880K [0x00000000c0000000, 0x00000000db280000, 0x00000000eab00000)
  object space 444928K, 99% used [0x00000000c0000000,0x00000000db2740a8,0x00000000db280000)
 Metaspace       used 80422K, committed 82176K, reserved 1179648K
  class space    used 8144K, committed 8896K, reserved 1048576K
}
Event: 244.704 GC heap after
{Heap after GC invocations=3028 (full 7):
 PSYoungGen      total 10240K, used 832K [0x00000000eab00000, 0x00000000eb800000, 0x0000000100000000)
  eden space 9216K, 0% used [0x00000000eab00000,0x00000000eab00000,0x00000000eb400000)
  from space 1024K, 81% used [0x00000000eb700000,0x00000000eb7d0000,0x00000000eb800000)
  to   space 1024K, 0% used [0x00000000eb600000,0x00000000eb600000,0x00000000eb700000)
 ParOldGen       total 445952K, used 445568K [0x00000000c0000000, 0x00000000db380000, 0x00000000eab00000)
  object space 445952K, 99% used [0x00000000c0000000,0x00000000db3200a8,0x00000000db380000)
 Metaspace       used 80422K, committed 82176K, reserved 1179648K
  class space    used 8144K, committed 8896K, reserved 1048576K
}
Event: 244.735 GC heap before
{Heap before GC invocations=3029 (full 7):
 PSYoungGen      total 10240K, used 10048K [0x00000000eab00000, 0x00000000eb800000, 0x0000000100000000)
  eden space 9216K, 100% used [0x00000000eab00000,0x00000000eb400000,0x00000000eb400000)
  from space 1024K, 81% used [0x00000000eb700000,0x00000000eb7d0000,0x00000000eb800000)
  to   space 1024K, 0% used [0x00000000eb600000,0x00000000eb600000,0x00000000eb700000)
 ParOldGen       total 445952K, used 445568K [0x00000000c0000000, 0x00000000db380000, 0x00000000eab00000)
  object space 445952K, 99% used [0x00000000c0000000,0x00000000db3200a8,0x00000000db380000)
 Metaspace       used 80425K, committed 82176K, reserved 1179648K
  class space    used 8144K, committed 8896K, reserved 1048576K
}
Event: 244.738 GC heap after
{Heap after GC invocations=3029 (full 7):
 PSYoungGen      total 10240K, used 832K [0x00000000eab00000, 0x00000000eb780000, 0x0000000100000000)
  eden space 9216K, 0% used [0x00000000eab00000,0x00000000eab00000,0x00000000eb400000)
  from space 1024K, 81% used [0x00000000eb600000,0x00000000eb6d0000,0x00000000eb700000)
  to   space 512K, 0% used [0x00000000eb700000,0x00000000eb700000,0x00000000eb780000)
 ParOldGen       total 446464K, used 446272K [0x00000000c0000000, 0x00000000db400000, 0x00000000eab00000)
  object space 446464K, 99% used [0x00000000c0000000,0x00000000db3d00a8,0x00000000db400000)
 Metaspace       used 80425K, committed 82176K, reserved 1179648K
  class space    used 8144K, committed 8896K, reserved 1048576K
}
Event: 244.770 GC heap before
{Heap before GC invocations=3030 (full 7):
 PSYoungGen      total 10240K, used 10047K [0x00000000eab00000, 0x00000000eb780000, 0x0000000100000000)
  eden space 9216K, 99% used [0x00000000eab00000,0x00000000eb3ffff8,0x00000000eb400000)
  from space 1024K, 81% used [0x00000000eb600000,0x00000000eb6d0000,0x00000000eb700000)
  to   space 512K, 0% used [0x00000000eb700000,0x00000000eb700000,0x00000000eb780000)
 ParOldGen       total 446464K, used 446272K [0x00000000c0000000, 0x00000000db400000, 0x00000000eab00000)
  object space 446464K, 99% used [0x00000000c0000000,0x00000000db3d00a8,0x00000000db400000)
 Metaspace       used 80426K, committed 82176K, reserved 1179648K
  class space    used 8144K, committed 8896K, reserved 1048576K
}
Event: 244.774 GC heap after
{Heap after GC invocations=3030 (full 7):
 PSYoungGen      total 9728K, used 512K [0x00000000eab00000, 0x00000000eb780000, 0x0000000100000000)
  eden space 9216K, 0% used [0x00000000eab00000,0x00000000eab00000,0x00000000eb400000)
  from space 512K, 100% used [0x00000000eb700000,0x00000000eb780000,0x00000000eb780000)
  to   space 1536K, 0% used [0x00000000eb480000,0x00000000eb480000,0x00000000eb600000)
 ParOldGen       total 447488K, used 447112K [0x00000000c0000000, 0x00000000db500000, 0x00000000eab00000)
  object space 447488K, 99% used [0x00000000c0000000,0x00000000db4a20a8,0x00000000db500000)
 Metaspace       used 80426K, committed 82176K, reserved 1179648K
  class space    used 8144K, committed 8896K, reserved 1048576K
}
Event: 244.833 GC heap before
{Heap before GC invocations=3031 (full 7):
 PSYoungGen      total 9728K, used 9728K [0x00000000eab00000, 0x00000000eb780000, 0x0000000100000000)
  eden space 9216K, 100% used [0x00000000eab00000,0x00000000eb400000,0x00000000eb400000)
  from space 512K, 100% used [0x00000000eb700000,0x00000000eb780000,0x00000000eb780000)
  to   space 1536K, 0% used [0x00000000eb480000,0x00000000eb480000,0x00000000eb600000)
 ParOldGen       total 447488K, used 447112K [0x00000000c0000000, 0x00000000db500000, 0x00000000eab00000)
  object space 447488K, 99% used [0x00000000c0000000,0x00000000db4a20a8,0x00000000db500000)
 Metaspace       used 80496K, committed 82240K, reserved 1179648K
  class space    used 8151K, committed 8896K, reserved 1048576K
}
Event: 244.837 GC heap after
{Heap after GC invocations=3031 (full 7):
 PSYoungGen      total 10752K, used 1376K [0x00000000eab00000, 0x00000000eb780000, 0x0000000100000000)
  eden space 9216K, 0% used [0x00000000eab00000,0x00000000eab00000,0x00000000eb400000)
  from space 1536K, 89% used [0x00000000eb480000,0x00000000eb5d8040,0x00000000eb600000)
  to   space 1536K, 0% used [0x00000000eb600000,0x00000000eb600000,0x00000000eb780000)
 ParOldGen       total 448000K, used 447640K [0x00000000c0000000, 0x00000000db580000, 0x00000000eab00000)
  object space 448000K, 99% used [0x00000000c0000000,0x00000000db5260a8,0x00000000db580000)
 Metaspace       used 80496K, committed 82240K, reserved 1179648K
  class space    used 8151K, committed 8896K, reserved 1048576K
}
Event: 244.924 GC heap before
{Heap before GC invocations=3032 (full 7):
 PSYoungGen      total 10752K, used 10592K [0x00000000eab00000, 0x00000000eb780000, 0x0000000100000000)
  eden space 9216K, 100% used [0x00000000eab00000,0x00000000eb400000,0x00000000eb400000)
  from space 1536K, 89% used [0x00000000eb480000,0x00000000eb5d8040,0x00000000eb600000)
  to   space 1536K, 0% used [0x00000000eb600000,0x00000000eb600000,0x00000000eb780000)
 ParOldGen       total 448000K, used 447640K [0x00000000c0000000, 0x00000000db580000, 0x00000000eab00000)
  object space 448000K, 99% used [0x00000000c0000000,0x00000000db5260a8,0x00000000db580000)
 Metaspace       used 80794K, committed 82560K, reserved 1179648K
  class space    used 8178K, committed 8960K, reserved 1048576K
}
Event: 244.930 GC heap after
{Heap after GC invocations=3032 (full 7):
 PSYoungGen      total 10752K, used 1370K [0x00000000eab00000, 0x00000000eb780000, 0x0000000100000000)
  eden space 9216K, 0% used [0x00000000eab00000,0x00000000eab00000,0x00000000eb400000)
  from space 1536K, 89% used [0x00000000eb600000,0x00000000eb756a20,0x00000000eb780000)
  to   space 1536K, 0% used [0x00000000eb480000,0x00000000eb480000,0x00000000eb600000)
 ParOldGen       total 449536K, used 449317K [0x00000000c0000000, 0x00000000db700000, 0x00000000eab00000)
  object space 449536K, 99% used [0x00000000c0000000,0x00000000db6c9790,0x00000000db700000)
 Metaspace       used 80794K, committed 82560K, reserved 1179648K
  class space    used 8178K, committed 8960K, reserved 1048576K
}

Dll operation events (12 events):
Event: 0.066 Loaded shared library c:\Users\33786\.vscode\extensions\redhat.java-1.41.0-win32-x64\jre\21.0.6-win32-x86_64\bin\java.dll
Event: 0.460 Loaded shared library c:\Users\33786\.vscode\extensions\redhat.java-1.41.0-win32-x64\jre\21.0.6-win32-x86_64\bin\zip.dll
Event: 0.558 Loaded shared library C:\Users\33786\.vscode\extensions\redhat.java-1.41.0-win32-x64\jre\21.0.6-win32-x86_64\bin\instrument.dll
Event: 0.568 Loaded shared library C:\Users\33786\.vscode\extensions\redhat.java-1.41.0-win32-x64\jre\21.0.6-win32-x86_64\bin\net.dll
Event: 0.577 Loaded shared library C:\Users\33786\.vscode\extensions\redhat.java-1.41.0-win32-x64\jre\21.0.6-win32-x86_64\bin\nio.dll
Event: 0.584 Loaded shared library C:\Users\33786\.vscode\extensions\redhat.java-1.41.0-win32-x64\jre\21.0.6-win32-x86_64\bin\zip.dll
Event: 0.633 Loaded shared library C:\Users\33786\.vscode\extensions\redhat.java-1.41.0-win32-x64\jre\21.0.6-win32-x86_64\bin\jimage.dll
Event: 0.846 Loaded shared library c:\Users\33786\.vscode\extensions\redhat.java-1.41.0-win32-x64\jre\21.0.6-win32-x86_64\bin\verify.dll
Event: 2.989 Loaded shared library C:\Users\33786\AppData\Roaming\Code\User\globalStorage\redhat.java\1.41.0\config_win\org.eclipse.equinox.launcher\org.eclipse.equinox.launcher.win32.win32.x86_64_1.2.1300.v20250325-0811\eclipse_11911.dll
Event: 5.314 Loaded shared library C:\Users\33786\AppData\Local\Temp\jna-48673557\jna1416664272369429000.dll
Event: 24.727 Loaded shared library C:\Users\33786\.vscode\extensions\redhat.java-1.41.0-win32-x64\jre\21.0.6-win32-x86_64\bin\extnet.dll
Event: 24.836 Loaded shared library C:\Users\33786\.vscode\extensions\redhat.java-1.41.0-win32-x64\jre\21.0.6-win32-x86_64\bin\sunmscapi.dll

Deoptimization events (20 events):
Event: 244.849 Thread 0x0000026f4107d120 DEOPT PACKING pc=0x0000026f6c962758 sp=0x000000b8722fdff0
Event: 244.849 Thread 0x0000026f4107d120 DEOPT UNPACKING pc=0x0000026f6bf73aa2 sp=0x000000b8722fde28 mode 2
Event: 244.855 Thread 0x0000026f4107d120 DEOPT PACKING pc=0x0000026f65861a9a sp=0x000000b8722fd940
Event: 244.855 Thread 0x0000026f4107d120 DEOPT UNPACKING pc=0x0000026f6bf74242 sp=0x000000b8722fcec8 mode 0
Event: 244.876 Thread 0x0000026f4107eb60 DEOPT PACKING pc=0x0000026f65861a9a sp=0x000000b8729fd330
Event: 244.876 Thread 0x0000026f4107eb60 DEOPT UNPACKING pc=0x0000026f6bf74242 sp=0x000000b8729fc8d8 mode 0
Event: 244.888 Thread 0x0000026f4107d120 DEOPT PACKING pc=0x0000026f65861a9a sp=0x000000b8722fd100
Event: 244.888 Thread 0x0000026f4107d120 DEOPT UNPACKING pc=0x0000026f6bf74242 sp=0x000000b8722fc688 mode 0
Event: 244.897 Thread 0x0000026f4107d120 Uncommon trap: trap_request=0xffffffde fr.pc=0x0000026f6cfda070 relative=0x0000000000001610
Event: 244.897 Thread 0x0000026f4107d120 Uncommon trap: reason=class_check action=maybe_recompile pc=0x0000026f6cfda070 method=org.eclipse.jdt.internal.core.search.indexing.IndexManager.updateMetaIndex(Ljava/lang/String;Ljava/util/List;)V @ 91 c2
Event: 244.897 Thread 0x0000026f4107d120 DEOPT PACKING pc=0x0000026f6cfda070 sp=0x000000b8722fe160
Event: 244.897 Thread 0x0000026f4107d120 DEOPT UNPACKING pc=0x0000026f6bf73aa2 sp=0x000000b8722fe170 mode 2
Event: 244.908 Thread 0x0000026f4107e4d0 Uncommon trap: trap_request=0xffffff45 fr.pc=0x0000026f6d4dbefc relative=0x00000000000000dc
Event: 244.908 Thread 0x0000026f4107e4d0 Uncommon trap: reason=unstable_if action=reinterpret pc=0x0000026f6d4dbefc method=org.eclipse.jdt.core.compiler.CharOperation.fragmentEquals([C[CIZ)Z @ 46 c2
Event: 244.908 Thread 0x0000026f4107e4d0 DEOPT PACKING pc=0x0000026f6d4dbefc sp=0x000000b8727fe360
Event: 244.908 Thread 0x0000026f4107e4d0 DEOPT UNPACKING pc=0x0000026f6bf73aa2 sp=0x000000b8727fe270 mode 2
Event: 244.933 Thread 0x0000026f4107a9c0 DEOPT PACKING pc=0x0000026f65861a9a sp=0x000000b8703fda50
Event: 244.933 Thread 0x0000026f4107a9c0 DEOPT UNPACKING pc=0x0000026f6bf74242 sp=0x000000b8703fcfd8 mode 0
Event: 244.944 Thread 0x0000026f4107eb60 DEOPT PACKING pc=0x0000026f65861a9a sp=0x000000b8729fde80
Event: 244.944 Thread 0x0000026f4107eb60 DEOPT UNPACKING pc=0x0000026f6bf74242 sp=0x000000b8729fd408 mode 0

Classes loaded (20 events):
Event: 242.105 Loading class java/util/concurrent/CompletableFuture$UniApply
Event: 242.106 Loading class java/util/concurrent/CompletableFuture$UniCompletion
Event: 242.106 Loading class java/util/concurrent/CompletableFuture$UniCompletion done
Event: 242.106 Loading class java/util/concurrent/CompletableFuture$UniApply done
Event: 242.106 Loading class java/util/concurrent/CompletableFuture$UniAccept
Event: 242.106 Loading class java/util/concurrent/CompletableFuture$UniAccept done
Event: 242.106 Loading class java/util/concurrent/CompletableFuture$UniExceptionally
Event: 242.106 Loading class java/util/concurrent/CompletableFuture$UniExceptionally done
Event: 243.069 Loading class jdk/internal/event/SecurityPropertyModificationEvent
Event: 243.069 Loading class jdk/internal/event/SecurityPropertyModificationEvent done
Event: 243.217 Loading class java/util/zip/CheckedInputStream
Event: 243.218 Loading class java/util/zip/CheckedInputStream done
Event: 243.473 Loading class java/util/zip/GZIPInputStream$1
Event: 243.473 Loading class java/util/zip/GZIPInputStream$1 done
Event: 244.383 Loading class jdk/internal/ref/CleanerImpl$InnocuousThreadFactory
Event: 244.383 Loading class jdk/internal/ref/CleanerImpl$InnocuousThreadFactory done
Event: 244.856 Loading class java/util/LinkedList$LLSpliterator
Event: 244.856 Loading class java/util/LinkedList$LLSpliterator done
Event: 244.910 Loading class javax/xml/transform/TransformerConfigurationException
Event: 244.911 Loading class javax/xml/transform/TransformerConfigurationException done

Classes unloaded (20 events):
Event: 7.199 Thread 0x0000026f762e25f0 Unloading class 0x0000026f01194000 'java/lang/invoke/LambdaForm$DMH+0x0000026f01194000'
Event: 7.199 Thread 0x0000026f762e25f0 Unloading class 0x0000026f01192c00 'java/lang/invoke/LambdaForm$DMH+0x0000026f01192c00'
Event: 201.942 Thread 0x0000026f762e25f0 Unloading class 0x0000026f01803218 'io/quarkus/deployment/CodeGenProvider'
Event: 201.942 Thread 0x0000026f762e25f0 Unloading class 0x0000026f01803000 'io/quarkus/deployment/CodeGenerator$$Lambda+0x0000026f01803000'
Event: 201.942 Thread 0x0000026f762e25f0 Unloading class 0x0000026f01802c40 'io/quarkus/deployment/CodeGenerator$CodeGenAction'
Event: 201.942 Thread 0x0000026f762e25f0 Unloading class 0x0000026f01802a18 'io/quarkus/deployment/CodeGenerator$$Lambda+0x0000026f01802a18'
Event: 201.942 Thread 0x0000026f762e25f0 Unloading class 0x0000026f018027e0 'io/quarkus/runtime/LaunchMode'
Event: 201.942 Thread 0x0000026f762e25f0 Unloading class 0x0000026f018025f0 'org/eclipse/microprofile/config/Config'
Event: 201.942 Thread 0x0000026f762e25f0 Unloading class 0x0000026f018023e8 'io/quarkus/deployment/codegen/CodeGenData'
Event: 201.942 Thread 0x0000026f762e25f0 Unloading class 0x0000026f018021f8 'org/eclipse/microprofile/config/ConfigValue'
Event: 201.942 Thread 0x0000026f762e25f0 Unloading class 0x0000026f01802000 'io/quarkus/deployment/CodeGenerator'
Event: 216.506 Thread 0x0000026f762e25f0 Unloading class 0x0000026f01870218 'io/quarkus/deployment/CodeGenProvider'
Event: 216.506 Thread 0x0000026f762e25f0 Unloading class 0x0000026f01870000 'io/quarkus/deployment/CodeGenerator$$Lambda+0x0000026f01870000'
Event: 216.506 Thread 0x0000026f762e25f0 Unloading class 0x0000026f0186dc40 'io/quarkus/deployment/CodeGenerator$CodeGenAction'
Event: 216.506 Thread 0x0000026f762e25f0 Unloading class 0x0000026f0186da18 'io/quarkus/deployment/CodeGenerator$$Lambda+0x0000026f0186da18'
Event: 216.506 Thread 0x0000026f762e25f0 Unloading class 0x0000026f0186d7e0 'io/quarkus/runtime/LaunchMode'
Event: 216.506 Thread 0x0000026f762e25f0 Unloading class 0x0000026f0186d5f0 'org/eclipse/microprofile/config/Config'
Event: 216.506 Thread 0x0000026f762e25f0 Unloading class 0x0000026f0186d3e8 'io/quarkus/deployment/codegen/CodeGenData'
Event: 216.506 Thread 0x0000026f762e25f0 Unloading class 0x0000026f0186d1f8 'org/eclipse/microprofile/config/ConfigValue'
Event: 216.506 Thread 0x0000026f762e25f0 Unloading class 0x0000026f0186d000 'io/quarkus/deployment/CodeGenerator'

Classes redefined (0 events):
No events

Internal exceptions (20 events):
Event: 242.661 Thread 0x0000026f7f7aeb20 Exception <a 'sun/nio/fs/WindowsException'{0x00000000eab84ca0}> (0x00000000eab84ca0) 
thrown [s\src\hotspot\share\prims\jni.cpp, line 520]
Event: 242.661 Thread 0x0000026f7f7aeb20 Exception <a 'sun/nio/fs/WindowsException'{0x00000000eab855f0}> (0x00000000eab855f0) 
thrown [s\src\hotspot\share\prims\jni.cpp, line 520]
Event: 242.661 Thread 0x0000026f7f7aeb20 Exception <a 'sun/nio/fs/WindowsException'{0x00000000eab8e058}> (0x00000000eab8e058) 
thrown [s\src\hotspot\share\prims\jni.cpp, line 520]
Event: 242.661 Thread 0x0000026f7f7aeb20 Exception <a 'sun/nio/fs/WindowsException'{0x00000000eab8e9a8}> (0x00000000eab8e9a8) 
thrown [s\src\hotspot\share\prims\jni.cpp, line 520]
Event: 242.663 Thread 0x0000026f7f7aeb20 Implicit null exception at 0x0000026f6cabf3ec to 0x0000026f6cabfb70
Event: 242.666 Thread 0x0000026f7f7aeb20 Exception <a 'sun/nio/fs/WindowsException'{0x00000000eab9f568}> (0x00000000eab9f568) 
thrown [s\src\hotspot\share\prims\jni.cpp, line 520]
Event: 242.666 Thread 0x0000026f7f7aeb20 Exception <a 'sun/nio/fs/WindowsException'{0x00000000eab9fdb8}> (0x00000000eab9fdb8) 
thrown [s\src\hotspot\share\prims\jni.cpp, line 520]
Event: 242.666 Thread 0x0000026f7f7aeb20 Exception <a 'sun/nio/fs/WindowsException'{0x00000000eaba0938}> (0x00000000eaba0938) 
thrown [s\src\hotspot\share\prims\jni.cpp, line 520]
Event: 242.666 Thread 0x0000026f7f7aeb20 Exception <a 'sun/nio/fs/WindowsException'{0x00000000eaba0e78}> (0x00000000eaba0e78) 
thrown [s\src\hotspot\share\prims\jni.cpp, line 520]
Event: 242.667 Thread 0x0000026f7f7aeb20 Exception <a 'sun/nio/fs/WindowsException'{0x00000000eaba1830}> (0x00000000eaba1830) 
thrown [s\src\hotspot\share\prims\jni.cpp, line 520]
Event: 242.667 Thread 0x0000026f7f7aeb20 Exception <a 'sun/nio/fs/WindowsException'{0x00000000eaba1ed0}> (0x00000000eaba1ed0) 
thrown [s\src\hotspot\share\prims\jni.cpp, line 520]
Event: 242.679 Thread 0x0000026f7f7aeb20 Exception <a 'java/lang/IncompatibleClassChangeError'{0x00000000eab2ed00}: Found class java.lang.Object, but interface was expected> (0x00000000eab2ed00) 
thrown [s\src\hotspot\share\interpreter\linkResolver.cpp, line 840]
Event: 242.686 Thread 0x0000026f7f7aeb20 Exception <a 'java/lang/IncompatibleClassChangeError'{0x00000000eabee8c8}: Found class java.lang.Object, but interface was expected> (0x00000000eabee8c8) 
thrown [s\src\hotspot\share\interpreter\linkResolver.cpp, line 840]
Event: 242.705 Thread 0x0000026f7f7aeb20 Exception <a 'java/lang/IncompatibleClassChangeError'{0x00000000eab6f0f8}: Found class java.lang.Object, but interface was expected> (0x00000000eab6f0f8) 
thrown [s\src\hotspot\share\interpreter\linkResolver.cpp, line 840]
Event: 242.745 Thread 0x0000026f7f7ab010 Exception <a 'sun/nio/fs/WindowsException'{0x00000000eab1da78}> (0x00000000eab1da78) 
thrown [s\src\hotspot\share\prims\jni.cpp, line 520]
Event: 242.745 Thread 0x0000026f7f7ab010 Exception <a 'sun/nio/fs/WindowsException'{0x00000000eab2ede0}> (0x00000000eab2ede0) 
thrown [s\src\hotspot\share\prims\jni.cpp, line 520]
Event: 242.763 Thread 0x0000026f4107f1f0 Exception <a 'java/lang/NoSuchMethodError'{0x00000000eab65c90}: 'java.lang.Object java.lang.invoke.DirectMethodHandle$Holder.invokeSpecial(java.lang.Object, java.lang.Object, int, long)'> (0x00000000eab65c90) 
thrown [s\src\hotspot\share\interpreter\linkResolver.cpp, line 773]
Event: 242.944 Thread 0x0000026f7f7aeb20 Exception <a 'java/lang/IncompatibleClassChangeError'{0x00000000eab75e10}: Found class java.lang.Object, but interface was expected> (0x00000000eab75e10) 
thrown [s\src\hotspot\share\interpreter\linkResolver.cpp, line 840]
Event: 244.892 Thread 0x0000026f4107d120 Exception <a 'sun/nio/fs/WindowsException'{0x00000000eb12f930}> (0x00000000eb12f930) 
thrown [s\src\hotspot\share\prims\jni.cpp, line 520]
Event: 244.892 Thread 0x0000026f4107d120 Exception <a 'sun/nio/fs/WindowsException'{0x00000000eb130430}> (0x00000000eb130430) 
thrown [s\src\hotspot\share\prims\jni.cpp, line 520]

ZGC Phase Switch (0 events):
No events

VM Operations (20 events):
Event: 244.526 Executing VM operation: ParallelGCFailedAllocation (Allocation Failure)
Event: 244.532 Executing VM operation: ParallelGCFailedAllocation (Allocation Failure) done
Event: 244.551 Executing VM operation: ParallelGCFailedAllocation (Allocation Failure)
Event: 244.561 Executing VM operation: ParallelGCFailedAllocation (Allocation Failure) done
Event: 244.584 Executing VM operation: ParallelGCFailedAllocation (Allocation Failure)
Event: 244.590 Executing VM operation: ParallelGCFailedAllocation (Allocation Failure) done
Event: 244.623 Executing VM operation: ParallelGCFailedAllocation (Allocation Failure)
Event: 244.628 Executing VM operation: ParallelGCFailedAllocation (Allocation Failure) done
Event: 244.666 Executing VM operation: ParallelGCFailedAllocation (Allocation Failure)
Event: 244.670 Executing VM operation: ParallelGCFailedAllocation (Allocation Failure) done
Event: 244.700 Executing VM operation: ParallelGCFailedAllocation (Allocation Failure)
Event: 244.704 Executing VM operation: ParallelGCFailedAllocation (Allocation Failure) done
Event: 244.735 Executing VM operation: ParallelGCFailedAllocation (Allocation Failure)
Event: 244.738 Executing VM operation: ParallelGCFailedAllocation (Allocation Failure) done
Event: 244.770 Executing VM operation: ParallelGCFailedAllocation (Allocation Failure)
Event: 244.774 Executing VM operation: ParallelGCFailedAllocation (Allocation Failure) done
Event: 244.833 Executing VM operation: ParallelGCFailedAllocation (Allocation Failure)
Event: 244.837 Executing VM operation: ParallelGCFailedAllocation (Allocation Failure) done
Event: 244.924 Executing VM operation: ParallelGCFailedAllocation (Allocation Failure)
Event: 244.930 Executing VM operation: ParallelGCFailedAllocation (Allocation Failure) done

Memory protections (0 events):
No events

Nmethod flushes (20 events):
Event: 244.021 Thread 0x0000026f762e25f0 flushing  nmethod 0x0000026f65a57f10
Event: 244.021 Thread 0x0000026f762e25f0 flushing  nmethod 0x0000026f65b89410
Event: 244.021 Thread 0x0000026f762e25f0 flushing  nmethod 0x0000026f65cd6010
Event: 244.021 Thread 0x0000026f762e25f0 flushing  nmethod 0x0000026f65dc7010
Event: 244.021 Thread 0x0000026f762e25f0 flushing  nmethod 0x0000026f66039d90
Event: 244.021 Thread 0x0000026f762e25f0 flushing  nmethod 0x0000026f66061790
Event: 244.021 Thread 0x0000026f762e25f0 flushing  nmethod 0x0000026f66265790
Event: 244.021 Thread 0x0000026f762e25f0 flushing  nmethod 0x0000026f66385390
Event: 244.021 Thread 0x0000026f762e25f0 flushing  nmethod 0x0000026f663d0d10
Event: 244.021 Thread 0x0000026f762e25f0 flushing  nmethod 0x0000026f663d2310
Event: 244.021 Thread 0x0000026f762e25f0 flushing osr nmethod 0x0000026f66483510
Event: 244.021 Thread 0x0000026f762e25f0 flushing osr nmethod 0x0000026f66489590
Event: 244.021 Thread 0x0000026f762e25f0 flushing  nmethod 0x0000026f665c7790
Event: 244.021 Thread 0x0000026f762e25f0 flushing  nmethod 0x0000026f665f7b90
Event: 244.021 Thread 0x0000026f762e25f0 flushing  nmethod 0x0000026f66c11d10
Event: 244.021 Thread 0x0000026f762e25f0 flushing  nmethod 0x0000026f66c43510
Event: 244.021 Thread 0x0000026f762e25f0 flushing  nmethod 0x0000026f66dc4910
Event: 244.021 Thread 0x0000026f762e25f0 flushing  nmethod 0x0000026f66dcb010
Event: 244.021 Thread 0x0000026f762e25f0 flushing  nmethod 0x0000026f66ddb690
Event: 244.021 Thread 0x0000026f762e25f0 flushing  nmethod 0x0000026f66de8c10

Events (20 events):
Event: 210.413 Thread 0x0000026f7633b350 Thread added: 0x0000026f7c18e660
Event: 210.617 Thread 0x0000026f7e25a140 Thread exited: 0x0000026f7e25a140
Event: 210.617 Thread 0x0000026f42813520 Thread exited: 0x0000026f42813520
Event: 210.617 Thread 0x0000026f428100a0 Thread exited: 0x0000026f428100a0
Event: 210.617 Thread 0x0000026f42813bb0 Thread exited: 0x0000026f42813bb0
Event: 210.621 Thread 0x0000026f42812800 Thread exited: 0x0000026f42812800
Event: 210.627 Thread 0x0000026f42812e90 Thread exited: 0x0000026f42812e90
Event: 210.627 Thread 0x0000026f7ce86b00 Thread exited: 0x0000026f7ce86b00
Event: 210.630 Thread 0x0000026f7e4493c0 Thread exited: 0x0000026f7e4493c0
Event: 210.631 Thread 0x0000026f42812170 Thread exited: 0x0000026f42812170
Event: 210.631 Thread 0x0000026f7f7abd30 Thread exited: 0x0000026f7f7abd30
Event: 213.032 Thread 0x0000026f7c18e660 Thread exited: 0x0000026f7c18e660
Event: 213.032 Thread 0x0000026f7c18d8c0 Thread exited: 0x0000026f7c18d8c0
Event: 240.945 Thread 0x0000026f7633b350 Thread added: 0x0000026f7c18d8c0
Event: 241.972 Thread 0x0000026f7c18d8c0 Thread exited: 0x0000026f7c18d8c0
Event: 242.121 Thread 0x0000026f7633b350 Thread added: 0x0000026f7c18d8c0
Event: 242.148 Thread 0x0000026f7633b350 Thread added: 0x0000026f7c18c450
Event: 243.098 Thread 0x0000026f4107e4d0 Thread added: 0x0000026f42814240
Event: 244.383 Thread 0x0000026f4107b050 Thread added: 0x0000026f42812e90
Event: 244.570 Thread 0x0000026f42814240 Thread exited: 0x0000026f42814240


Dynamic libraries:
0x00007ff745250000 - 0x00007ff74525e000 	c:\Users\33786\.vscode\extensions\redhat.java-1.41.0-win32-x64\jre\21.0.6-win32-x86_64\bin\java.exe
0x00007ff8fcb40000 - 0x00007ff8fcda3000 	C:\WINDOWS\SYSTEM32\ntdll.dll
0x00007ff8fadd0000 - 0x00007ff8fae97000 	C:\WINDOWS\System32\KERNEL32.DLL
0x00007ff8fa590000 - 0x00007ff8fa959000 	C:\WINDOWS\System32\KERNELBASE.dll
0x00007ff8f9e80000 - 0x00007ff8f9fcc000 	C:\WINDOWS\System32\ucrtbase.dll
0x00007ff8f36e0000 - 0x00007ff8f36f8000 	c:\Users\33786\.vscode\extensions\redhat.java-1.41.0-win32-x64\jre\21.0.6-win32-x86_64\bin\jli.dll
0x00007ff8fc7f0000 - 0x00007ff8fc9ba000 	C:\WINDOWS\System32\USER32.dll
0x00007ff8fa330000 - 0x00007ff8fa357000 	C:\WINDOWS\System32\win32u.dll
0x00007ff8fbc90000 - 0x00007ff8fbcba000 	C:\WINDOWS\System32\GDI32.dll
0x00007ff8f9d40000 - 0x00007ff8f9e71000 	C:\WINDOWS\System32\gdi32full.dll
0x00007ff8fa4e0000 - 0x00007ff8fa583000 	C:\WINDOWS\System32\msvcp_win.dll
0x00007ff8f47c0000 - 0x00007ff8f47de000 	c:\Users\33786\.vscode\extensions\redhat.java-1.41.0-win32-x64\jre\21.0.6-win32-x86_64\bin\VCRUNTIME140.dll
0x00007ff8e4f50000 - 0x00007ff8e51e0000 	C:\WINDOWS\WinSxS\amd64_microsoft.windows.common-controls_6595b64144ccf1df_6.0.26100.3323_none_3e088096e3344490\COMCTL32.dll
0x00007ff8faa10000 - 0x00007ff8faab9000 	C:\WINDOWS\System32\msvcrt.dll
0x00007ff8face0000 - 0x00007ff8fad0f000 	C:\WINDOWS\System32\IMM32.DLL
0x00007ff8f63c0000 - 0x00007ff8f63cc000 	c:\Users\33786\.vscode\extensions\redhat.java-1.41.0-win32-x64\jre\21.0.6-win32-x86_64\bin\vcruntime140_1.dll
0x00007ff8de320000 - 0x00007ff8de3ad000 	c:\Users\33786\.vscode\extensions\redhat.java-1.41.0-win32-x64\jre\21.0.6-win32-x86_64\bin\msvcp140.dll
0x00007ff85a570000 - 0x00007ff85b300000 	c:\Users\33786\.vscode\extensions\redhat.java-1.41.0-win32-x64\jre\21.0.6-win32-x86_64\bin\server\jvm.dll
0x00007ff8fbcc0000 - 0x00007ff8fbd72000 	C:\WINDOWS\System32\ADVAPI32.dll
0x00007ff8fad20000 - 0x00007ff8fadc6000 	C:\WINDOWS\System32\sechost.dll
0x00007ff8fb330000 - 0x00007ff8fb446000 	C:\WINDOWS\System32\RPCRT4.dll
0x00007ff8fc130000 - 0x00007ff8fc1a4000 	C:\WINDOWS\System32\WS2_32.dll
0x00007ff8e9750000 - 0x00007ff8e9786000 	C:\WINDOWS\SYSTEM32\WINMM.dll
0x00007ff8ec370000 - 0x00007ff8ec37b000 	C:\WINDOWS\SYSTEM32\VERSION.dll
0x00007ff8f8bb0000 - 0x00007ff8f8bfe000 	C:\WINDOWS\SYSTEM32\POWRPROF.dll
0x00007ff8f8b50000 - 0x00007ff8f8b64000 	C:\WINDOWS\SYSTEM32\UMPDC.dll
0x00007ff8f8c70000 - 0x00007ff8f8c8a000 	C:\WINDOWS\SYSTEM32\kernel.appcore.dll
0x00007ff8f4760000 - 0x00007ff8f476a000 	c:\Users\33786\.vscode\extensions\redhat.java-1.41.0-win32-x64\jre\21.0.6-win32-x86_64\bin\jimage.dll
0x00007ff8e7df0000 - 0x00007ff8e8031000 	C:\WINDOWS\SYSTEM32\DBGHELP.DLL
0x00007ff8fc220000 - 0x00007ff8fc5a2000 	C:\WINDOWS\System32\combase.dll
0x00007ff8fac00000 - 0x00007ff8facd6000 	C:\WINDOWS\System32\OLEAUT32.dll
0x00007ff8df830000 - 0x00007ff8df869000 	C:\WINDOWS\SYSTEM32\dbgcore.DLL
0x00007ff8fa290000 - 0x00007ff8fa329000 	C:\WINDOWS\System32\bcryptPrimitives.dll
0x00007ff8f3500000 - 0x00007ff8f350f000 	c:\Users\33786\.vscode\extensions\redhat.java-1.41.0-win32-x64\jre\21.0.6-win32-x86_64\bin\instrument.dll
0x00007ff8ee410000 - 0x00007ff8ee42f000 	c:\Users\33786\.vscode\extensions\redhat.java-1.41.0-win32-x64\jre\21.0.6-win32-x86_64\bin\java.dll
0x00007ff8fb570000 - 0x00007ff8fbc85000 	C:\WINDOWS\System32\SHELL32.dll
0x00007ff8fa120000 - 0x00007ff8fa288000 	C:\WINDOWS\System32\wintypes.dll
0x00007ff8f7a10000 - 0x00007ff8f8255000 	C:\WINDOWS\SYSTEM32\windows.storage.dll
0x00007ff8fca10000 - 0x00007ff8fcafb000 	C:\WINDOWS\System32\SHCORE.dll
0x00007ff8fc5b0000 - 0x00007ff8fc60d000 	C:\WINDOWS\System32\shlwapi.dll
0x00007ff8f9c50000 - 0x00007ff8f9c7f000 	C:\WINDOWS\SYSTEM32\profapi.dll
0x00007ff8ee2c0000 - 0x00007ff8ee2d8000 	c:\Users\33786\.vscode\extensions\redhat.java-1.41.0-win32-x64\jre\21.0.6-win32-x86_64\bin\zip.dll
0x00007ff8f34f0000 - 0x00007ff8f3500000 	C:\Users\33786\.vscode\extensions\redhat.java-1.41.0-win32-x64\jre\21.0.6-win32-x86_64\bin\net.dll
0x00007ff8f2ba0000 - 0x00007ff8f2cbe000 	C:\WINDOWS\SYSTEM32\WINHTTP.dll
0x00007ff8f9190000 - 0x00007ff8f91fa000 	C:\WINDOWS\system32\mswsock.dll
0x00007ff8ed450000 - 0x00007ff8ed466000 	C:\Users\33786\.vscode\extensions\redhat.java-1.41.0-win32-x64\jre\21.0.6-win32-x86_64\bin\nio.dll
0x00007ff8f33f0000 - 0x00007ff8f3400000 	c:\Users\33786\.vscode\extensions\redhat.java-1.41.0-win32-x64\jre\21.0.6-win32-x86_64\bin\verify.dll
0x00007ff8eb9b0000 - 0x00007ff8eb9f5000 	C:\Users\33786\AppData\Roaming\Code\User\globalStorage\redhat.java\1.41.0\config_win\org.eclipse.equinox.launcher\org.eclipse.equinox.launcher.win32.win32.x86_64_1.2.1300.v20250325-0811\eclipse_11911.dll
0x00007ff8fbf00000 - 0x00007ff8fc095000 	C:\WINDOWS\System32\ole32.dll
0x00007ff8f9430000 - 0x00007ff8f944c000 	C:\WINDOWS\SYSTEM32\CRYPTSP.dll
0x00007ff8f8b70000 - 0x00007ff8f8baa000 	C:\WINDOWS\system32\rsaenh.dll
0x00007ff8f9230000 - 0x00007ff8f925b000 	C:\WINDOWS\SYSTEM32\USERENV.dll
0x00007ff8f9670000 - 0x00007ff8f9696000 	C:\WINDOWS\SYSTEM32\bcrypt.dll
0x00007ff8f9450000 - 0x00007ff8f945c000 	C:\WINDOWS\SYSTEM32\CRYPTBASE.dll
0x00007ff8f85a0000 - 0x00007ff8f85d3000 	C:\WINDOWS\SYSTEM32\IPHLPAPI.DLL
0x00007ff8fabc0000 - 0x00007ff8fabca000 	C:\WINDOWS\System32\NSI.dll
0x00007ff8d5cf0000 - 0x00007ff8d5d39000 	C:\Users\33786\AppData\Local\Temp\jna-48673557\jna1416664272369429000.dll
0x00007ff8fbee0000 - 0x00007ff8fbee8000 	C:\WINDOWS\System32\PSAPI.DLL
0x00007ff8f2f60000 - 0x00007ff8f2f7f000 	C:\WINDOWS\SYSTEM32\dhcpcsvc6.DLL
0x00007ff8f24c0000 - 0x00007ff8f24e5000 	C:\WINDOWS\SYSTEM32\dhcpcsvc.DLL
0x00007ff8f8640000 - 0x00007ff8f8765000 	C:\WINDOWS\SYSTEM32\DNSAPI.dll
0x00007ff8ec3e0000 - 0x00007ff8ec3eb000 	C:\Windows\System32\rasadhlp.dll
0x00007ff8ee6d0000 - 0x00007ff8ee755000 	C:\WINDOWS\System32\fwpuclnt.dll
0x00007ff8f64c0000 - 0x00007ff8f64c9000 	C:\Users\33786\.vscode\extensions\redhat.java-1.41.0-win32-x64\jre\21.0.6-win32-x86_64\bin\extnet.dll
0x00007ff8f63f0000 - 0x00007ff8f63fe000 	C:\Users\33786\.vscode\extensions\redhat.java-1.41.0-win32-x64\jre\21.0.6-win32-x86_64\bin\sunmscapi.dll
0x00007ff8fa360000 - 0x00007ff8fa4d7000 	C:\WINDOWS\System32\CRYPT32.dll
0x00007ff8f9630000 - 0x00007ff8f9660000 	C:\WINDOWS\SYSTEM32\ncrypt.dll
0x00007ff8f95e0000 - 0x00007ff8f961f000 	C:\WINDOWS\SYSTEM32\NTASN1.dll
0x00007ff8dde80000 - 0x00007ff8dde98000 	C:\WINDOWS\system32\napinsp.dll
0x00007ff8dbd40000 - 0x00007ff8dbd52000 	C:\WINDOWS\System32\winrnr.dll
0x00007ff8d40a0000 - 0x00007ff8d40c2000 	C:\WINDOWS\system32\nlansp_c.dll
0x00007ff8f0900000 - 0x00007ff8f0916000 	C:\WINDOWS\system32\wshbth.dll
0x00007ff8f8d90000 - 0x00007ff8f8dc5000 	C:\WINDOWS\SYSTEM32\ntmarta.dll

dbghelp: loaded successfully - version: 4.0.5 - missing functions: none
symbol engine: initialized successfully - sym options: 0x614 - pdb path: .;c:\Users\33786\.vscode\extensions\redhat.java-1.41.0-win32-x64\jre\21.0.6-win32-x86_64\bin;C:\WINDOWS\SYSTEM32;C:\WINDOWS\WinSxS\amd64_microsoft.windows.common-controls_6595b64144ccf1df_6.0.26100.3323_none_3e088096e3344490;c:\Users\33786\.vscode\extensions\redhat.java-1.41.0-win32-x64\jre\21.0.6-win32-x86_64\bin\server;C:\Users\33786\AppData\Roaming\Code\User\globalStorage\redhat.java\1.41.0\config_win\org.eclipse.equinox.launcher\org.eclipse.equinox.launcher.win32.win32.x86_64_1.2.1300.v20250325-0811;C:\Users\33786\AppData\Local\Temp\jna-48673557

VM Arguments:
jvm_args: --add-modules=ALL-SYSTEM --add-opens=java.base/java.util=ALL-UNNAMED --add-opens=java.base/java.lang=ALL-UNNAMED --add-opens=java.base/sun.nio.fs=ALL-UNNAMED -Declipse.application=org.eclipse.jdt.ls.core.id1 -Dosgi.bundles.defaultStartLevel=4 -Declipse.product=org.eclipse.jdt.ls.core.product -Djava.import.generatesMetadataFilesAtProjectRoot=false -DDetectVMInstallationsJob.disabled=true -Dfile.encoding=utf8 -XX:+UseParallelGC -XX:GCTimeRatio=4 -XX:AdaptiveSizePolicyWeight=90 -Dsun.zip.disableMemoryMapping=true -Xmx1G -Xms100m -Xlog:disable -javaagent:c:\Users\33786\.vscode\extensions\redhat.java-1.41.0-win32-x64\lombok\lombok-1.18.36.jar -XX:+HeapDumpOnOutOfMemoryError -XX:HeapDumpPath=c:\Users\33786\AppData\Roaming\Code\User\workspaceStorage\fb0003567cbede5bcf0fd997662d4864\redhat.java -Daether.dependencyCollector.impl=bf 
java_command: c:\Users\33786\.vscode\extensions\redhat.java-1.41.0-win32-x64\server\plugins\org.eclipse.equinox.launcher_1.6.1100.v20250306-0509.jar -configuration c:\Users\33786\AppData\Roaming\Code\User\globalStorage\redhat.java\1.41.0\config_win -data c:\Users\33786\AppData\Roaming\Code\User\workspaceStorage\fb0003567cbede5bcf0fd997662d4864\redhat.java\jdt_ws --pipe=\\.\pipe\lsp-44c9b5564af2e1ab3aee4c50ea434dfc-sock
java_class_path (initial): c:\Users\33786\.vscode\extensions\redhat.java-1.41.0-win32-x64\server\plugins\org.eclipse.equinox.launcher_1.6.1100.v20250306-0509.jar
Launcher Type: SUN_STANDARD

[Global flags]
    uintx AdaptiveSizePolicyWeight                 = 90                                        {product} {command line}
     intx CICompilerCount                          = 4                                         {product} {ergonomic}
    uintx GCTimeRatio                              = 4                                         {product} {command line}
     bool HeapDumpOnOutOfMemoryError               = true                                   {manageable} {command line}
    ccstr HeapDumpPath                             = c:\Users\33786\AppData\Roaming\Code\User\workspaceStorage\fb0003567cbede5bcf0fd997662d4864\redhat.java         {manageable} {command line}
   size_t InitialHeapSize                          = 104857600                                 {product} {command line}
   size_t MaxHeapSize                              = 1073741824                                {product} {command line}
   size_t MaxNewSize                               = 357564416                                 {product} {ergonomic}
   size_t MinHeapDeltaBytes                        = 524288                                    {product} {ergonomic}
   size_t MinHeapSize                              = 104857600                                 {product} {command line}
   size_t NewSize                                  = 34603008                                  {product} {ergonomic}
    uintx NonNMethodCodeHeapSize                   = 5839372                                {pd product} {ergonomic}
    uintx NonProfiledCodeHeapSize                  = 122909434                              {pd product} {ergonomic}
   size_t OldSize                                  = 70254592                                  {product} {ergonomic}
    uintx ProfiledCodeHeapSize                     = 122909434                              {pd product} {ergonomic}
    uintx ReservedCodeCacheSize                    = 251658240                              {pd product} {ergonomic}
     bool SegmentedCodeCache                       = true                                      {product} {ergonomic}
   size_t SoftMaxHeapSize                          = 1073741824                             {manageable} {ergonomic}
     bool UseCompressedOops                        = true                           {product lp64_product} {ergonomic}
     bool UseLargePagesIndividualAllocation        = false                                  {pd product} {ergonomic}
     bool UseParallelGC                            = true                                      {product} {command line}

Logging:
Log output configuration:
 #0: stdout all=off uptime,level,tags foldmultilines=false
 #1: stderr all=off uptime,level,tags foldmultilines=false

Environment Variables:
JAVA_HOME=C:\Users\33786\scoop\apps\openjdk\current
PATH=C:\Python313\Scripts\;C:\Python313\;C:\Windows\system32;C:\Windows;C:\Windows\System32\Wbem;C:\Windows\System32\WindowsPowerShell\v1.0\;C:\Windows\System32\OpenSSH\;C:\Program Files (x86)\NVIDIA Corporation\PhysX\Common;C:\Program Files\NVIDIA Corporation\NVIDIA NvDLISR;C:\WINDOWS\system32;C:\WINDOWS;C:\WINDOWS\System32\Wbem;C:\WINDOWS\System32\WindowsPowerShell\v1.0\;C:\WINDOWS\System32\OpenSSH\;C:\Program Files\Git\cmd;C:\Program Files\Go\bin;C:\Program Files\dotnet\;C:\Program Files\nodejs\;C:\ProgramData\chocolatey\bin;C:\Program Files\Docker\Docker\resources\bin;C:\sqlite3;C:\mingw64\bin;C:\Users\33786\scoop\apps\openjdk\current\bin;C:\Users\33786\scoop\shims;C:\Users\33786\.jbang\bin;C:\Users\33786\AppData\Local\Programs\Python\Python312\Scripts\;C:\Users\33786\AppData\Local\Programs\Python\Python312\;C:\Users\33786\AppData\Local\Programs\Python\Launcher\;C:\Users\33786\.cargo\bin;C:\Users\33786\AppData\Local\Microsoft\WindowsApps;C:\Users\33786\AppData\Local\Programs\Microsoft VS Code\bin;C:\Users\33786\go\bin;C:\Users\33786\.dotnet\tools;C:\Users\33786\AppData\Local\Microsoft\WinGet\Packages\Schniz.fnm_Microsoft.Winget.Source_8wekyb3d8bbwe;C:\Users\33786\AppData\Roaming\npm;C:\Program Files\JetBrains\IntelliJ IDEA Community Edition 2024.3.3\bin;C:\jdk-17.0.14+7\bin;C:\Users\33786\AppData\Local\GitHubDesktop\bin
USERNAME=33786
OS=Windows_NT
PROCESSOR_IDENTIFIER=Intel64 Family 6 Model 158 Stepping 13, GenuineIntel
TMP=C:\Users\33786\AppData\Local\Temp
TEMP=C:\Users\33786\AppData\Local\Temp




Periodic native trim disabled

---------------  S Y S T E M  ---------------

OS:
 Windows 11 , 64 bit Build 26100 (10.0.26100.3323)
OS uptime: 0 days 23:46 hours
Hyper-V role detected

CPU: total 8 (initial active 8) (4 cores per cpu, 2 threads per core) family 6 model 158 stepping 13 microcode 0xde, cx8, cmov, fxsr, ht, mmx, 3dnowpref, sse, sse2, sse3, ssse3, sse4.1, sse4.2, popcnt, lzcnt, tsc, tscinvbit, avx, avx2, aes, erms, clmul, bmi1, bmi2, adx, fma, vzeroupper, clflush, clflushopt, hv, rdtscp, f16c
Processor Information for the first 8 processors :
  Max Mhz: 2400, Current Mhz: 2400, Mhz Limit: 2400

Memory: 4k page, system-wide physical 8044M (881M free)
TotalPageFile size 18796M (AvailPageFile size 5666M)
current process WorkingSet (physical memory assigned to process): 948M, peak: 1188M
current process commit charge ("private bytes"): 789M, peak: 1041M

vm_info: OpenJDK 64-Bit Server VM (21.0.6+7-LTS) for windows-amd64 JRE (21.0.6+7-LTS), built on 2025-01-21T00:00:00Z by "admin" with MS VC++ 17.7 (VS2022)

END.
